<?xml version="1.0" encoding="UTF-8"?>
<!-- Generated by org.testng.reporters.JUnitReportReporter -->
<testsuite hostname="DESKTOP-99P843S" failures="0" tests="1" name="test1.NewTest" time="22.747" errors="0" timestamp="2023-08-19T10:08:15 IST" skipped="0">
  <testcase classname="test1.NewTest" name="f" time="22.747"/>
</testsuite> <!-- test1.NewTest -->
