<?xml version="1.0" encoding="UTF-8"?>
<!-- Generated by org.testng.reporters.JUnitReportReporter -->
<testsuite hostname="DESKTOP-99P843S" failures="0" tests="1" name="test1.NewTest1" time="7.644" errors="0" timestamp="2023-08-25T17:44:46 IST" skipped="0">
  <testcase classname="test1.NewTest1" name="urlcheck" time="7.644"/>
</testsuite> <!-- test1.NewTest1 -->
