<?xml version="1.0" encoding="UTF-8"?>
<!-- Generated by org.testng.reporters.JUnitReportReporter -->
<testsuite hostname="DESKTOP-99P843S" failures="0" tests="1" name="Testing.NewTest" time="21.266" errors="0" timestamp="2023-08-19T09:16:16 IST" skipped="0">
  <testcase classname="Testing.NewTest" name="f" time="21.266"/>
</testsuite> <!-- Testing.NewTest -->
